[2025-09-16T12:01:39Z] Started EB User Data
+ SLEEP_TIME=2
+ SLEEP_TIME_MAX=3600
+ true
+ curl https://elasticbeanstalk-platform-assets-ap-southeast-1.s3.ap-southeast-1.amazonaws.com/stalks/eb_nodejs22_amazon_linux_2023_1.0.927.0_20250819152009/lib/UserDataScript.sh
  % Total    % Received % Xferd  Average Speed   Time    Time     Time  Current
                                 Dload  Upload   Total   Spent    Left  Speed
  0     0    0     0    0     0      0      0 --:--:-- --:--:-- --:--:--     0100  4838  100  4838    0     0   119k      0 --:--:-- --:--:-- --:--:--  121k
+ RESULT=0
+ [[ 0 -ne 0 ]]
+ /bin/bash /tmp/ebbootstrap.sh 'https://cloudformation-waitcondition-ap-southeast-1.s3-ap-southeast-1.amazonaws.com/arn%3Aaws%3Acloudformation%3Aap-southeast-1%3A862191734675%3Astack/awseb-e-8ips2ekfyw-stack/c4aef040-92f4-11f0-b0c9-02c53a55a1e1/c4b49590-92f4-11f0-b0c9-02c53a55a1e1/AWSEBInstanceLaunchWaitHandle?X-Amz-Algorithm=AWS4-HMAC-SHA256&X-Amz-Date=20250916T120046Z&X-Amz-SignedHeaders=host&X-Amz-Expires=86399&X-Amz-Credential=AKIAXKFFXMS337UUQZVD%2F20250916%2Fap-southeast-1%2Fs3%2Faws4_request&X-Amz-Signature=4d737825b172464810f161998c366e14ac9a6de0092eedc0a58347b9d644dfdf' arn:aws:cloudformation:ap-southeast-1:862191734675:stack/awseb-e-8ips2ekfyw-stack/c4aef040-92f4-11f0-b0c9-02c53a55a1e1 0389cc85-0cb0-4cc5-862c-408d6f45a2fb https://elasticbeanstalk-health.ap-southeast-1.amazonaws.com '' https://elasticbeanstalk-platform-assets-ap-southeast-1.s3.ap-southeast-1.amazonaws.com/stalks/eb_nodejs22_amazon_linux_2023_1.0.927.0_20250819152009 ap-southeast-1
[2025-09-16T12:01:39.525Z] Started EB Bootstrapping Script.
[2025-09-16T12:01:39.529Z] Received parameters:
 TARBALLS = 
 EB_GEMS = 
 SIGNAL_URL = https://cloudformation-waitcondition-ap-southeast-1.s3-ap-southeast-1.amazonaws.com/arn%3Aaws%3Acloudformation%3Aap-southeast-1%3A862191734675%3Astack/awseb-e-8ips2ekfyw-stack/c4aef040-92f4-11f0-b0c9-02c53a55a1e1/c4b49590-92f4-11f0-b0c9-02c53a55a1e1/AWSEBInstanceLaunchWaitHandle?X-Amz-Algorithm=AWS4-HMAC-SHA256&X-Amz-Date=20250916T120046Z&X-Amz-SignedHeaders=host&X-Amz-Expires=86399&X-Amz-Credential=AKIAXKFFXMS337UUQZVD%2F20250916%2Fap-southeast-1%2Fs3%2Faws4_request&X-Amz-Signature=4d737825b172464810f161998c366e14ac9a6de0092eedc0a58347b9d644dfdf
 STACK_ID = arn:aws:cloudformation:ap-southeast-1:862191734675:stack/awseb-e-8ips2ekfyw-stack/c4aef040-92f4-11f0-b0c9-02c53a55a1e1
 REGION = ap-southeast-1
 GUID = 
 HEALTHD_GROUP_ID = 0389cc85-0cb0-4cc5-862c-408d6f45a2fb
 HEALTHD_ENDPOINT = https://elasticbeanstalk-health.ap-southeast-1.amazonaws.com
 PROXY_SERVER = 
 HEALTHD_PROXY_LOG_LOCATION = 
 PLATFORM_ASSETS_URL = https://elasticbeanstalk-platform-assets-ap-southeast-1.s3.ap-southeast-1.amazonaws.com/stalks/eb_nodejs22_amazon_linux_2023_1.0.927.0_20250819152009
[2025-09-16T12:01:39.552Z] engine url is set to https://elasticbeanstalk-platform-assets-ap-southeast-1.s3.ap-southeast-1.amazonaws.com/stalks/eb_nodejs22_amazon_linux_2023_1.0.927.0_20250819152009/lib/platform-engine.zip
[2025-09-16T12:01:39.554Z] first init of instance.
[2025-09-16T12:01:39.560Z] Started executing cfn_init _OnInstanceBoot.
[2025-09-16T12:01:39.563Z] Running cfn-init ConfigSet: _OnInstanceBoot.
[2025-09-16T12:01:39.567Z] Using stack-id from userdata
[2025-09-16T12:01:40.339Z] Command Returned: 
[2025-09-16T12:01:40.343Z] Completed executing cfn_init.
[2025-09-16T12:01:40.346Z] finished _OnInstanceBoot
[2025-09-16T12:01:40.348Z] installing platform engine
2025-09-16 12:01:40 URL:https://elasticbeanstalk-platform-assets-ap-southeast-1.s3.ap-southeast-1.amazonaws.com/stalks/eb_nodejs22_amazon_linux_2023_1.0.927.0_20250819152009/lib/platform-engine.zip [33662214/33662214] -> "/tmp/platform-engine.zip" [1]
[2025-09-16T12:01:41.447Z] executing platform engine. see /var/log/eb-engine.log.
[2025-09-16T12:01:43.115Z] Successfully bootstrapped instance.
[2025-09-16T12:01:43.121Z] Sending signal 0 to CFN wait condition https://cloudformation-waitcondition-ap-southeast-1.s3-ap-southeast-1.amazonaws.com/arn%3Aaws%3Acloudformation%3Aap-southeast-1%3A862191734675%3Astack/awseb-e-8ips2ekfyw-stack/c4aef040-92f4-11f0-b0c9-02c53a55a1e1/c4b49590-92f4-11f0-b0c9-02c53a55a1e1/AWSEBInstanceLaunchWaitHandle?X-Amz-Algorithm=AWS4-HMAC-SHA256&X-Amz-Date=20250916T120046Z&X-Amz-SignedHeaders=host&X-Amz-Expires=86399&X-Amz-Credential=AKIAXKFFXMS337UUQZVD%2F20250916%2Fap-southeast-1%2Fs3%2Faws4_request&X-Amz-Signature=4d737825b172464810f161998c366e14ac9a6de0092eedc0a58347b9d644dfdf
CloudFormation signaled successfully with status SUCCESS
[2025-09-16T12:01:43.532Z] Tailing /var/log/eb-engine.log

******************* eb-engine taillog *******************
2025/09/16 12:01:42.276150 [INFO] bootstrap healthd....
2025/09/16 12:01:42.276164 [INFO] Running command: /usr/bin/id -u healthd || /usr/sbin/useradd --user-group healthd -s /sbin/nologin --create-home
2025/09/16 12:01:42.279381 [INFO] 1001

2025/09/16 12:01:42.279675 [INFO] configure bundle log for healthd...
2025/09/16 12:01:42.279735 [INFO] Executing instruction: GetSetupProxyLog
2025/09/16 12:01:42.279809 [INFO] Skipping Install yum packages
2025/09/16 12:01:42.279814 [INFO] Skipping Install default nodejs
2025/09/16 12:01:42.279818 [INFO] Skipping MarkBaked
2025/09/16 12:01:42.279822 [INFO] Instance has NOT been bootstrapped
2025/09/16 12:01:42.279824 [INFO] Executing instruction: TuneSystemSettings
2025/09/16 12:01:42.279828 [INFO] Starting TuneSystemSettings
2025/09/16 12:01:42.279831 [INFO] Instance has NOT been bootstrapped
2025/09/16 12:01:42.281961 [INFO] Executing instruction: GetSetupLogRotate
2025/09/16 12:01:42.281967 [INFO] Initialize LogRotate files and directories
2025/09/16 12:01:42.300856 [INFO] Instance has NOT been bootstrapped
2025/09/16 12:01:42.300871 [INFO] Executing instruction: BootstrapCFNHup
2025/09/16 12:01:42.300874 [INFO] Bootstrap cfn-hup
2025/09/16 12:01:42.303179 [INFO] Copying file /opt/elasticbeanstalk/config/private/aws-eb-command-handler.conf to /etc/cfn/hooks.d/aws-eb-command-handler.conf
2025/09/16 12:01:42.305460 [INFO] Executing instruction: StartCFNHup
2025/09/16 12:01:42.305471 [INFO] Start cfn-hup
2025/09/16 12:01:42.305502 [INFO] Running command: systemctl show -p PartOf cfn-hup.service
2025/09/16 12:01:42.318830 [INFO] cfn-hup is not registered with EB yet, registering it now
2025/09/16 12:01:42.318857 [INFO] Running command: systemctl show -p PartOf cfn-hup.service
2025/09/16 12:01:42.332710 [INFO] Running command: systemctl daemon-reload
2025/09/16 12:01:42.518333 [INFO] Running command: systemctl reset-failed
2025/09/16 12:01:42.527328 [INFO] Running command: systemctl is-enabled aws-eb.target
2025/09/16 12:01:42.535196 [INFO] Running command: systemctl enable aws-eb.target
2025/09/16 12:01:42.761889 [INFO] Running command: systemctl start aws-eb.target
2025/09/16 12:01:42.770921 [INFO] Running command: systemctl enable cfn-hup.service
2025/09/16 12:01:43.005166 [INFO] Created symlink /etc/systemd/system/multi-user.target.wants/cfn-hup.service → /etc/systemd/system/cfn-hup.service.

2025/09/16 12:01:43.005199 [INFO] Running command: systemctl is-active cfn-hup.service
2025/09/16 12:01:43.013461 [INFO] cfn-hup process is not running, starting it now
2025/09/16 12:01:43.013489 [INFO] Running command: systemctl show -p PartOf cfn-hup.service
2025/09/16 12:01:43.023901 [INFO] Running command: systemctl is-active cfn-hup.service
2025/09/16 12:01:43.031741 [INFO] Running command: systemctl start cfn-hup.service
2025/09/16 12:01:43.109145 [INFO] Instance has NOT been bootstrapped
2025/09/16 12:01:43.109161 [INFO] Executing instruction: SetupPublishLogCronjob
2025/09/16 12:01:43.109164 [INFO] Setup publish logs cron job...
2025/09/16 12:01:43.109168 [INFO] Copying file /opt/elasticbeanstalk/config/private/logtasks/cron/publishlogs to /etc/cron.d/publishlogs
2025/09/16 12:01:43.111921 [INFO] Instance has NOT been bootstrapped
2025/09/16 12:01:43.111948 [INFO] Executing instruction: MarkBootstrapped
2025/09/16 12:01:43.111952 [INFO] Starting MarkBootstrapped
2025/09/16 12:01:43.111970 [INFO] Instance has NOT been bootstrapped
2025/09/16 12:01:43.112054 [INFO] Marked instance as Bootstrapped
2025/09/16 12:01:43.112059 [INFO] Executing instruction: Save CFN Stack Info
2025/09/16 12:01:43.112444 [INFO] Executing cleanup logic
2025/09/16 12:01:43.112460 [INFO] Platform Engine finished execution on command: env-launch
******************* End of taillog *******************


[2025-09-16T12:01:43.535Z] Tailing /var/log/eb-tools.log

******************* eb-tools taillog *******************
***eb-tools is not available yet.***
******************* End of taillog *******************


[2025-09-16T12:01:43.537Z] Tailing /var/log/eb-hooks.log

******************* eb-hooks taillog *******************
***eb-hooks is not available yet.***
******************* End of taillog *******************


[2025-09-16T12:01:43.539Z] Tailing /var/log/cfn-init.log

******************* cfn-init taillog *******************
2025-09-16 12:01:40,059 [INFO] -----------------------Starting build-----------------------
2025-09-16 12:01:40,064 [INFO] Running configSets: _OnInstanceBoot
2025-09-16 12:01:40,067 [INFO] Running configSet _OnInstanceBoot
2025-09-16 12:01:40,069 [INFO] Running config AWSEBBaseConfig
2025-09-16 12:01:40,298 [INFO] Command clearbackupfiles succeeded
2025-09-16 12:01:40,300 [INFO] Running config AWSEBCfnHupEndpointOverride
2025-09-16 12:01:40,305 [INFO] Command clearbackupfiles succeeded
2025-09-16 12:01:40,306 [INFO] ConfigSets completed
2025-09-16 12:01:40,306 [INFO] -----------------------Build complete-----------------------
******************* End of taillog *******************


[2025-09-16T12:01:43.542Z] Tailing /var/log/cfn-hup.log

******************* cfn-hup taillog *******************
2025-09-16 12:01:43,405 [DEBUG] CloudFormation client initialized with endpoint https://cloudformation.ap-southeast-1.amazonaws.com
2025-09-16 12:01:43,406 [DEBUG] SQS client initialized with endpoint https://sqs.ap-southeast-1.amazonaws.com
2025-09-16 12:01:43,406 [DEBUG] CloudFormation client initialized with endpoint https://cloudformation.ap-southeast-1.amazonaws.com
2025-09-16 12:01:43,406 [DEBUG] Enabled single threading mode.
2025-09-16 12:01:43,406 [DEBUG] Creating /var/lib/cfn-hup/data
2025-09-16 12:01:43,416 [INFO] No umask value specified in config file. Using the default one: 0o22
2025-09-16 12:01:43,477 [INFO] Pid: 1783
******************* End of taillog *******************


[2025-09-16T12:01:43.545Z] Completed EB Bootstrapping Script.
+ RESULT=0
+ [[ 0 -ne 0 ]]
+ exit 0
